================================================================
======== txAdmin v8.0.1 atop fxserver 17000 Starting - 9/10/2025, 00:17:52
================================================================
[00:18:27][Mel_Iyan] created admins file
[00:18:45][Mel_Iyan] Config changes: general.serverName, server.dataPath
[00:18:45][Mel_Iyan] Changing global/fxserver settings via setup stepper.
[01:07:31][Mel_Iyan] Adding user 'brayanyamamoto'.
================================================================
======== txAdmin v8.0.1 atop fxserver 17000 Starting - 9/10/2025, 02:26:38
================================================================
[02:26:49][Mel_Iyan] logged in from 127.0.0.1 via password
[02:47:56][Mel_Iyan] [Mel_Iyan] executed "RESTART SERVER"
[02:54:23][Mel_Iyan] [Mel_Iyan] executed "RESTART SERVER"
[02:55:30][Mel_Iyan] [Mel_Iyan] executed "RESTART SERVER"
================================================================
======== txAdmin v8.0.1 atop fxserver 17000 Starting - 9/10/2025, 03:01:17
================================================================
[03:13:10][Mel_Iyan] logged in from 127.0.0.1 via password
[03:13:16][Mel_Iyan] Ensured resource "bengkel_ss"
================================================================
======== txAdmin v8.0.1 atop fxserver 17000 Starting - 9/10/2025, 10:54:57
================================================================
[11:04:29][Mel_Iyan] logged in from 127.0.0.1 via password
[11:04:35][Mel_Iyan] [Mel_Iyan] executed "RESTART SERVER"
[11:06:10][Mel_Iyan] Ensured resource "map"
[11:06:13][Mel_Iyan] Ensured resource "fivem-map-skater"
[11:06:14][Mel_Iyan] Ensured resource "fivem-map-hipster"
[11:06:16][Mel_Iyan] Ensured resource "fivem-map-hipster"
[11:06:20][Mel_Iyan] Ensured resource "fivem-map-skater"
[11:06:21][Mel_Iyan] Ensured resource "fivem-map-hipster"
[11:06:23][Mel_Iyan] Ensured resource "fivem-map-skater"
[11:06:25][Mel_Iyan] Stopped resource "fivem-map-skater"
[11:15:40][Mel_Iyan] [Mel_Iyan] executed "RESTART SERVER"
[11:15:59][Mel_Iyan] Refreshed resources
[11:16:00][Mel_Iyan] Refreshed resources
[11:16:14][Mel_Iyan] Ensured resource "fivem-map-hipster"
[11:16:17][Mel_Iyan] Ensured resource "fivem-map-skater"
[11:35:50][Mel_Iyan] Refreshed resources
[11:36:30][Mel_Iyan] [Mel_Iyan] executed "RESTART SERVER"
[11:58:55][Mel_Iyan] [Mel_Iyan] executed "RESTART SERVER"
[11:59:31][Mel_Iyan] Ensured resource "loadscreen"
[12:04:25][Mel_Iyan] Ensured resource "loadscreen"
================================================================
======== txAdmin v8.0.1 atop fxserver 17000 Starting - 9/10/2025, 13:00:44
================================================================
================================================================
======== txAdmin v8.0.1 atop fxserver 17000 Starting - 9/10/2025, 13:04:19
================================================================
[13:20:11][Mel_Iyan] logged in from 127.0.0.1 via password
[13:20:17][Mel_Iyan] Refreshed resources
[13:20:25][Mel_Iyan] Ensured resource "rd_blips"
[13:20:27][Mel_Iyan] Ensured resource "rd_blips"
[13:20:38][Mel_Iyan] [Mel_Iyan] executed "RESTART SERVER"
[13:21:02][Mel_Iyan] Ensured resource "rd_blips"
[13:21:03][Mel_Iyan] Ensured resource "rd_blips"
[13:26:51][Mel_Iyan] [Mel_Iyan] executed "RESTART SERVER"
[13:26:52][Mel_Iyan] Ensured resource "rd_blips"
[13:37:05][Mel_Iyan] Ensured resource "ir8-blips"
[14:01:14][Mel_Iyan] Ensured resource "qbx_customs"
[14:05:52][Mel_Iyan] [Mel_Iyan] executed "RESTART SERVER"
[14:13:08][Mel_Iyan] Ensured resource "qbx_customs"
[14:16:11][Mel_Iyan] Ensured resource "qbx_customs"
[14:26:05][Mel_Iyan] [Mel_Iyan] executed "RESTART SERVER"
================================================================
======== txAdmin v8.0.1 atop fxserver 17000 Starting - 9/10/2025, 14:47:33
================================================================
[14:49:56][Mel_Iyan] logged in from 127.0.0.1 via password
[14:50:00][Mel_Iyan] [Mel_Iyan] executed "RESTART SERVER"
[14:56:07][Mel_Iyan] [Mel_Iyan] executed "RESTART SERVER"
[14:59:48][Mel_Iyan] Stopped resource "fivem-map-skater"
[15:09:50][Mel_Iyan] [Mel_Iyan] executed "RESTART SERVER"
[15:15:49][Mel_Iyan] Ensured resource "fivem-map-hipster"
[15:16:12][Mel_Iyan] Stopped resource "fivem-map-hipster"
[15:16:23][Mel_Iyan] Ensured resource "fivem-map-skater"
[15:16:31][Mel_Iyan] Stopped resource "fivem-map-skater"
[15:16:44][Mel_Iyan] Ensured resource "qbx_customs"
[15:17:12][Mel_Iyan] Ensured resource "map"
[15:18:44][Mel_Iyan] [Mel_Iyan] executed "RESTART SERVER"
[15:43:08][Mel_Iyan] [Mel_Iyan] executed "RESTART SERVER"
