================================================================
======== txAdmin v8.0.1 atop fxserver 17000 Starting - 9/10/2025, 00:17:52
================================================================
[00:18:56] txAdmin: Logger started
[00:23:08] [WPrLP#1] BRAYAN YAMAMOTO: joined with identifiers [steam:1100…0a1e, license:b697…3f39, discord:5380…6640, license2:b697…3f39]
[00:36:50] [WPrLP#1] BRAYAN YAMAMOTO: said "/hud"
[00:36:59] [WPrLP#1] BRAYAN YAMAMOTO: said "/hudsettings"
[00:37:06] [WPrLP#1] BRAYAN YAMAMOTO: said "/minimaps"
[00:37:12] [WPrLP#1] BRAYAN YAMAMOTO: said "/maps"
[00:38:44] [WPrLP#1] BRAYAN YAMAMOTO: said "/hud"
[00:38:55] [WPrLP#1] BRAYAN YAMAMOTO: said "/hudsettings"
[00:38:59] [WPrLP#1] BRAYAN YAMAMOTO: said "/hudsetting"
[00:39:54] [WPrLP#1] BRAYAN YAMAMOTO: said "/hud"
[00:40:05] [WPrLP#1] BRAYAN YAMAMOTO: said "/settinghud"
[00:40:08] [WPrLP#1] BRAYAN YAMAMOTO: said "/huds"
[00:44:59] [WPrLP#1] BRAYAN YAMAMOTO: said "/hud"
[00:48:44] [WPrLP#1] BRAYAN YAMAMOTO: died from suicide
[00:49:01] [WPrLP#1] BRAYAN YAMAMOTO: said "/help"
[00:49:23] [WPrLP#1] BRAYAN YAMAMOTO: said "/dokterlokal"
[00:52:14] [WPrLP#1] BRAYAN YAMAMOTO: said "/hud"
[01:04:45] [WPrLP#1] BRAYAN YAMAMOTO: said "/minimaps"
[01:04:48] [WPrLP#1] BRAYAN YAMAMOTO: said "/minimap"
[01:05:58] [WPrLP#1] BRAYAN YAMAMOTO: disconnected (Game crashed: Assertion failure: productId != ProductID::INVALID)
================================================================
======== txAdmin v8.0.1 atop fxserver 17000 Starting - 9/10/2025, 02:26:38
================================================================
[02:26:46] txAdmin: Logger started
[02:27:57] [kQKMM#1] BRAYAN YAMAMOTO: joined with identifiers [steam:1100…0a1e, license:b697…3f39, discord:5380…6640, license2:b697…3f39]
[02:28:40] [kQKMM#1] BRAYAN YAMAMOTO: disconnected (Exiting)
[02:42:42] [kQKMM#2] BRAYAN YAMAMOTO: joined with identifiers [steam:1100…0a1e, license:b697…3f39, discord:5380…6640, license2:b697…3f39]
[02:43:02] [kQKMM#2] BRAYAN YAMAMOTO: disconnected (Exiting)
[02:48:09] txAdmin: Logger started
[02:49:09] [7L3MA#1] BRAYAN YAMAMOTO: joined with identifiers [steam:1100…0a1e, license:b697…3f39, discord:5380…6640, license2:b697…3f39]
[02:52:22] [7L3MA#1] BRAYAN YAMAMOTO: disconnected (Server->client connection timed out. Last seen 36342 msec ago.)
[02:54:37] txAdmin: Logger started
[02:55:44] txAdmin: Logger started
[02:59:06] [dtJWn#1] BRAYAN YAMAMOTO: joined with identifiers [steam:1100…0a1e, license:b697…3f39, discord:5380…6640, license2:b697…3f39]
================================================================
======== txAdmin v8.0.1 atop fxserver 17000 Starting - 9/10/2025, 03:01:17
================================================================
[03:01:25] txAdmin: Logger started
[03:02:38] [FbMFU#1] BRAYAN YAMAMOTO: joined with identifiers [steam:1100…0a1e, license:b697…3f39, discord:5380…6640, license2:b697…3f39]
[03:05:13] [FbMFU#1] BRAYAN YAMAMOTO: disconnected (Server->client connection timed out. Last seen 49400 msec ago.)
[03:06:15] [FbMFU#2] BRAYAN YAMAMOTO: joined with identifiers [steam:1100…0a1e, license:b697…3f39, discord:5380…6640, license2:b697…3f39]
[03:08:53] [FbMFU#2] BRAYAN YAMAMOTO: said "/menu"
[03:09:08] [FbMFU#2] BRAYAN YAMAMOTO: said "/menu"
[03:09:17] [FbMFU#2] BRAYAN YAMAMOTO: said "/menuhud"
[03:10:08] [FbMFU#2] BRAYAN YAMAMOTO: enabled noclip
[03:10:10] [FbMFU#2] BRAYAN YAMAMOTO: became mortal (standard mode)
[03:12:51] [FbMFU#2] BRAYAN YAMAMOTO: enabled noclip
[03:21:14] [FbMFU#2] BRAYAN YAMAMOTO: became mortal (standard mode)
[03:21:30] [FbMFU#2] BRAYAN YAMAMOTO: disconnected (Exiting)
================================================================
======== txAdmin v8.0.1 atop fxserver 17000 Starting - 9/10/2025, 10:54:57
================================================================
[10:55:09] txAdmin: Logger started
[11:04:49] txAdmin: Logger started
[11:15:53] txAdmin: Logger started
[11:36:50] txAdmin: Logger started
[11:38:36] [LXXEc#1] BRAYAN YAMAMOTO: joined with identifiers [license:b697…3f39, discord:5380…6640, license2:b697…3f39]
[11:43:13] [LXXEc#1] BRAYAN YAMAMOTO: said "/admarker"
[11:47:38] [LXXEc#1] BRAYAN YAMAMOTO: said "//AddMarker"
[11:48:00] [LXXEc#1] BRAYAN YAMAMOTO: said "//AddMarker ambulance red false false 5"
[11:57:48] [LXXEc#1] BRAYAN YAMAMOTO: said "/restar loadscreen"
[11:58:04] [LXXEc#1] BRAYAN YAMAMOTO: disconnected (Exiting)
[11:59:14] txAdmin: Logger started
[12:01:45] [aGFib#1] BRAYAN YAMAMOTO: joined with identifiers [license:b697…3f39, discord:5380…6640, license2:b697…3f39]
[12:02:20] [aGFib#1] BRAYAN YAMAMOTO: disconnected (Exiting)
[12:05:47] [aGFib#2] BRAYAN YAMAMOTO: joined with identifiers [license:b697…3f39, discord:5380…6640, license2:b697…3f39]
[12:21:21] [aGFib#2] BRAYAN YAMAMOTO: enabled noclip
[12:21:22] [aGFib#2] BRAYAN YAMAMOTO: became mortal (standard mode)
[12:23:13] [aGFib#2] BRAYAN YAMAMOTO: said "/menu"
[12:24:01] [aGFib#2] BRAYAN YAMAMOTO: said "/deb"
[12:51:25] [aGFib#2] BRAYAN YAMAMOTO: said "/createblip"
[12:51:36] [aGFib#2] BRAYAN YAMAMOTO: said "/createblips"
[12:52:13] [aGFib#2] BRAYAN YAMAMOTO: said "/createblip"
================================================================
======== txAdmin v8.0.1 atop fxserver 17000 Starting - 9/10/2025, 13:00:44
================================================================
[13:00:53] txAdmin: Logger started
================================================================
======== txAdmin v8.0.1 atop fxserver 17000 Starting - 9/10/2025, 13:04:19
================================================================
[13:04:27] txAdmin: Logger started
[13:05:57] [FmiYL#1] BRAYAN YAMAMOTO: joined with identifiers [license:b697…3f39, discord:5380…6640, license2:b697…3f39]
[13:06:26] [FmiYL#1] BRAYAN YAMAMOTO: disconnected (Exiting)
[13:09:06] [FmiYL#2] BRAYAN YAMAMOTO: joined with identifiers [license:b697…3f39, discord:5380…6640, license2:b697…3f39]
[13:10:05] [FmiYL#2] BRAYAN YAMAMOTO: disconnected (Server->client connection timed out. Last seen 58489 msec ago.)
[13:10:34] [FmiYL#3] BRAYAN YAMAMOTO: joined with identifiers [license:b697…3f39, discord:5380…6640, license2:b697…3f39]
[13:12:51] [FmiYL#3] BRAYAN YAMAMOTO: said "/createblip"
[13:13:09] [FmiYL#3] BRAYAN YAMAMOTO: said "/createblip"
[13:13:13] [FmiYL#3] BRAYAN YAMAMOTO: said "/createblip"
[13:13:13] [FmiYL#3] BRAYAN YAMAMOTO: said "/createblip"
[13:13:14] [FmiYL#3] BRAYAN YAMAMOTO: said "/createblip"
[13:13:15] [FmiYL#3] BRAYAN YAMAMOTO: said "/createblip"
[13:13:18] [FmiYL#3] BRAYAN YAMAMOTO: said "/createbl"
[13:13:22] [FmiYL#3] BRAYAN YAMAMOTO: said "/create"
[13:14:03] [FmiYL#3] BRAYAN YAMAMOTO: said "/addblips"
[13:15:13] [FmiYL#3] BRAYAN YAMAMOTO: said "/createblips"
[13:15:22] [FmiYL#3] BRAYAN YAMAMOTO: said "/createblip 2"
[13:15:45] [FmiYL#3] BRAYAN YAMAMOTO: said "/createblip mechanic red false false 5"
[13:20:34] [FmiYL#3] BRAYAN YAMAMOTO: disconnected (Exiting)
[13:20:55] txAdmin: Logger started
[13:27:04] txAdmin: Logger started
[13:28:27] [ig4dh#1] BRAYAN YAMAMOTO: joined with identifiers [license:b697…3f39, discord:5380…6640, license2:b697…3f39]
[13:32:01] [ig4dh#1] BRAYAN YAMAMOTO: said "/createblip"
[13:42:31] [ig4dh#1] BRAYAN YAMAMOTO: said "/blip"
[13:42:37] [ig4dh#1] BRAYAN YAMAMOTO: said "/blip"
[13:53:10] [ig4dh#1] BRAYAN YAMAMOTO: said "/playzhone"
[13:58:09] [ig4dh#1] BRAYAN YAMAMOTO: died from suicide (Falling)
[14:02:29] [ig4dh#1] BRAYAN YAMAMOTO: spawned a vehicle (model: jester3)
[14:05:48] [ig4dh#1] BRAYAN YAMAMOTO: disconnected (Exiting)
[14:06:06] txAdmin: Logger started
[14:08:00] [hTiEH#1] BRAYAN YAMAMOTO: joined with identifiers [license:b697…3f39, discord:5380…6640, license2:b697…3f39]
[14:10:35] [hTiEH#1] BRAYAN YAMAMOTO: spawned a vehicle (model: f620)
[14:20:16] [hTiEH#1] BRAYAN YAMAMOTO: disconnected (Exiting)
[14:26:21] txAdmin: Logger started
[14:30:00] [XwK9a#1] BRAYAN YAMAMOTO: joined with identifiers [license:b697…3f39, discord:5380…6640, license2:b697…3f39]
[14:32:42] [XwK9a#1] BRAYAN YAMAMOTO: said "/hlipd"
[14:33:00] [XwK9a#1] BRAYAN YAMAMOTO: said "/blip"
[14:33:08] [XwK9a#1] BRAYAN YAMAMOTO: said "/blip"
[14:33:23] [XwK9a#1] BRAYAN YAMAMOTO: said "/blip"
[14:33:41] [XwK9a#1] BRAYAN YAMAMOTO: enabled noclip
[14:33:53] [XwK9a#1] BRAYAN YAMAMOTO: became mortal (standard mode)
[14:34:32] [XwK9a#1] BRAYAN YAMAMOTO: enabled noclip
[14:34:46] [XwK9a#1] BRAYAN YAMAMOTO: became mortal (standard mode)
[14:37:18] [XwK9a#1] BRAYAN YAMAMOTO: enabled noclip
[14:37:46] [XwK9a#1] BRAYAN YAMAMOTO: became mortal (standard mode)
[14:39:27] [XwK9a#1] BRAYAN YAMAMOTO: said "/blip"
[14:39:37] [XwK9a#1] BRAYAN YAMAMOTO: said "/blip"
[14:39:40] [XwK9a#1] BRAYAN YAMAMOTO: said "/bli"
[14:41:59] [XwK9a#1] BRAYAN YAMAMOTO: disconnected (Exiting)
================================================================
======== txAdmin v8.0.1 atop fxserver 17000 Starting - 9/10/2025, 14:47:33
================================================================
[14:47:41] txAdmin: Logger started
[14:48:51] [FhW4k#1] BRAYAN YAMAMOTO: joined with identifiers [license:b697…3f39, discord:5380…6640, license2:b697…3f39]
[14:49:05] [FhW4k#1] BRAYAN YAMAMOTO: disconnected (Exiting)
[14:50:14] txAdmin: Logger started
[14:51:30] [aJpd3#1] BRAYAN YAMAMOTO: joined with identifiers [license:b697…3f39, discord:5380…6640, license2:b697…3f39]
[14:51:56] [aJpd3#1] BRAYAN YAMAMOTO: disconnected (Exiting)
[14:56:21] txAdmin: Logger started
[14:58:42] [NA6mU#1] BRAYAN YAMAMOTO: joined with identifiers [license:b697…3f39, discord:5380…6640, license2:b697…3f39]
[15:03:25] [NA6mU#1] BRAYAN YAMAMOTO: enabled noclip
[15:03:27] [NA6mU#1] BRAYAN YAMAMOTO: became mortal (standard mode)
[15:03:37] [NA6mU#1] BRAYAN YAMAMOTO: said "/repair"
[15:09:44] [NA6mU#1] BRAYAN YAMAMOTO: disconnected (Exiting)
[15:10:05] txAdmin: Logger started
[15:11:04] [yaQaj#1] BRAYAN YAMAMOTO: joined with identifiers [license:b697…3f39, discord:5380…6640, license2:b697…3f39]
[15:13:37] [yaQaj#1] BRAYAN YAMAMOTO: spawned a vehicle (model: jester3)
[15:17:20] [yaQaj#1] BRAYAN YAMAMOTO: disconnected (Exiting)
[15:18:58] txAdmin: Logger started
[15:19:57] [efDiN#1] BRAYAN YAMAMOTO: joined with identifiers [license:b697…3f39, discord:5380…6640, license2:b697…3f39]
[15:23:50] [efDiN#1] BRAYAN YAMAMOTO: said "/dmin"
[15:30:09] [efDiN#1] BRAYAN YAMAMOTO: said "/menu"
[15:33:32] [efDiN#1] BRAYAN YAMAMOTO: died from suicide
[15:36:40] [efDiN#1] BRAYAN YAMAMOTO: said "/crosshair"
[15:36:54] [efDiN#1] BRAYAN YAMAMOTO: said "rr"
[15:37:19] [efDiN#1] BRAYAN YAMAMOTO: disconnected (Game crashed: Assertion failure: productId != ProductID::INVALID)
[15:43:28] txAdmin: Logger started
[15:47:21] [aVECh#1] BRAYAN YAMAMOTO: joined with identifiers [license:b697…3f39, discord:5380…6640, license2:b697…3f39]
[15:54:22] [aVECh#1] BRAYAN YAMAMOTO: disconnected (Exiting)
[15:55:51] [aVECh#2] BRAYAN YAMAMOTO: joined with identifiers [license:b697…3f39, discord:5380…6640, license2:b697…3f39]
[16:01:15] [aVECh#2] BRAYAN YAMAMOTO: enabled noclip
[16:01:26] [aVECh#2] BRAYAN YAMAMOTO: became mortal (standard mode)
[16:03:48] [aVECh#2] BRAYAN YAMAMOTO: enabled noclip
